<?xml version="1.0" encoding="UTF-8"?>
<!-- Generated by org.testng.reporters.JUnitXMLReporter -->
<testsuite ignored="0" hostname="ICEN062" failures="0" tests="1" name="Apache POI " time="0.35" errors="0" timestamp="22 Jun 2018 09:45:42 GMT">
  <testcase classname="com.demo.DemoProject.ApachePOIDemo" name="@BeforeMethod setUp" time="0.242">
    <failure type="org.apache.poi.EmptyFileException" message="The supplied file was empty (zero bytes long)">
      <![CDATA[org.apache.poi.EmptyFileException: The supplied file was empty (zero bytes long)
at org.apache.poi.util.IOUtils.peekFirstNBytes(IOUtils.java:74)
at org.apache.poi.util.IOUtils.peekFirst8Bytes(IOUtils.java:57)
at org.apache.poi.poifs.filesystem.FileMagic.valueOf(FileMagic.java:135)
at org.apache.poi.openxml4j.opc.internal.ZipHelper.verifyZipHeader(ZipHelper.java:175)
at org.apache.poi.openxml4j.opc.internal.ZipHelper.openZipStream(ZipHelper.java:209)
at org.apache.poi.openxml4j.opc.ZipPackage.<init>(ZipPackage.java:98)
at org.apache.poi.openxml4j.opc.OPCPackage.open(OPCPackage.java:324)
at org.apache.poi.util.PackageHelper.open(PackageHelper.java:37)
at org.apache.poi.xssf.usermodel.XSSFWorkbook.<init>(XSSFWorkbook.java:295)
at com.demo.DemoProject.ApachePOIDemo.setUp(ApachePOIDemo.java:31)
... Removed 31 stack frames]]>
    </failure>
  </testcase> <!-- @BeforeMethod setUp -->
  <testcase classname="com.demo.DemoProject.ApachePOIDemo" name="@AfterMethod tearDown" time="0.0">
    <skipped/>
  </testcase> <!-- @AfterMethod tearDown -->
  <testcase classname="com.demo.DemoProject.ApachePOIDemo" name="testPOI" time="0.0">
    <skipped/>
  </testcase> <!-- testPOI -->
</testsuite> <!-- Apache POI  -->
