<?xml version="1.0" encoding="UTF-8"?>
<testng-results ignored="0" total="1" passed="1" failed="0" skipped="0">
  <reporter-output>
  </reporter-output>
  <suite started-at="2018-06-22T10:38:02Z" name="Suite1" finished-at="2018-06-22T10:38:20Z" duration-ms="17769">
    <groups>
    </groups>
    <test started-at="2018-06-22T10:38:02Z" name="Apache POI " finished-at="2018-06-22T10:38:20Z" duration-ms="17769">
      <class name="com.demo.DemoProject.ApachePOIDemo">
        <test-method is-config="true" signature="setUp()[pri:0, instance:com.demo.DemoProject.ApachePOIDemo@74e52ef6]" started-at="2018-06-22T10:38:02Z" name="setUp" finished-at="2018-06-22T10:38:08Z" duration-ms="5649" status="PASS">
          <reporter-output>
          </reporter-output>
        </test-method> <!-- setUp -->
        <test-method signature="testPOI()[pri:0, instance:com.demo.DemoProject.ApachePOIDemo@74e52ef6]" started-at="2018-06-22T10:38:08Z" name="testPOI" finished-at="2018-06-22T10:38:19Z" duration-ms="11390" status="PASS">
          <reporter-output>
          </reporter-output>
        </test-method> <!-- testPOI -->
        <test-method is-config="true" signature="tearDown()[pri:0, instance:com.demo.DemoProject.ApachePOIDemo@74e52ef6]" started-at="2018-06-22T10:38:19Z" name="tearDown" finished-at="2018-06-22T10:38:20Z" duration-ms="704" status="PASS">
          <reporter-output>
          </reporter-output>
        </test-method> <!-- tearDown -->
      </class> <!-- com.demo.DemoProject.ApachePOIDemo -->
    </test> <!-- Apache POI  -->
  </suite> <!-- Suite1 -->
</testng-results>
