<?xml version="1.0" encoding="UTF-8"?>
<testng-results ignored="0" total="1" passed="1" failed="0" skipped="0">
  <reporter-output>
  </reporter-output>
  <suite started-at="2018-06-22T09:47:37Z" name="Suite1" finished-at="2018-06-22T09:47:51Z" duration-ms="14896">
    <groups>
    </groups>
    <test started-at="2018-06-22T09:47:37Z" name="Apache POI " finished-at="2018-06-22T09:47:51Z" duration-ms="14896">
      <class name="com.demo.DemoProject.ApachePOIDemo">
        <test-method is-config="true" signature="setUp()[pri:0, instance:com.demo.DemoProject.ApachePOIDemo@28701274]" started-at="2018-06-22T09:47:37Z" name="setUp" finished-at="2018-06-22T09:47:41Z" duration-ms="4376" status="PASS">
          <reporter-output>
          </reporter-output>
        </test-method> <!-- setUp -->
        <test-method signature="testPOI()[pri:0, instance:com.demo.DemoProject.ApachePOIDemo@28701274]" started-at="2018-06-22T09:47:41Z" name="testPOI" finished-at="2018-06-22T09:47:49Z" duration-ms="8130" status="PASS">
          <reporter-output>
          </reporter-output>
        </test-method> <!-- testPOI -->
        <test-method is-config="true" signature="tearDown()[pri:0, instance:com.demo.DemoProject.ApachePOIDemo@28701274]" started-at="2018-06-22T09:47:49Z" name="tearDown" finished-at="2018-06-22T09:47:51Z" duration-ms="2364" status="PASS">
          <reporter-output>
          </reporter-output>
        </test-method> <!-- tearDown -->
      </class> <!-- com.demo.DemoProject.ApachePOIDemo -->
    </test> <!-- Apache POI  -->
  </suite> <!-- Suite1 -->
</testng-results>
