<?xml version="1.0" encoding="UTF-8"?>
<testng-results ignored="0" total="2" passed="2" failed="0" skipped="0">
  <reporter-output>
  </reporter-output>
  <suite started-at="2018-06-21T10:08:19Z" name="Default suite" finished-at="2018-06-21T10:08:19Z" duration-ms="47">
    <groups>
    </groups>
    <test started-at="2018-06-21T10:08:19Z" name="Default test" finished-at="2018-06-21T10:08:19Z" duration-ms="47">
      <class name="com.demo.packOne.demoOne">
        <test-method signature="firstTestCase()[pri:0, instance:com.demo.packOne.demoOne@10d68fcd]" started-at="2018-06-21T10:08:19Z" name="firstTestCase" finished-at="2018-06-21T10:08:19Z" duration-ms="16" status="PASS">
          <reporter-output>
          </reporter-output>
        </test-method> <!-- firstTestCase -->
        <test-method signature="secondTestCase()[pri:0, instance:com.demo.packOne.demoOne@10d68fcd]" started-at="2018-06-21T10:08:19Z" name="secondTestCase" finished-at="2018-06-21T10:08:19Z" duration-ms="1" status="PASS">
          <reporter-output>
          </reporter-output>
        </test-method> <!-- secondTestCase -->
      </class> <!-- com.demo.packOne.demoOne -->
    </test> <!-- Default test -->
  </suite> <!-- Default suite -->
</testng-results>
